{"C:\\Users\\studn\\Desktop\\Github-Finder\\github-finder-client\\src\\App.js": {"path":"C:\\Users\\studn\\Desktop\\Github-Finder\\github-finder-client\\src\\App.js","statementMap":{"0":{"start":{"line":13,"column":2},"end":{"line":34,"column":4}}},"fnMap":{"0":{"name":"App","decl":{"start":{"line":12,"column":9},"end":{"line":12,"column":12}},"loc":{"start":{"line":12,"column":15},"end":{"line":35,"column":1}},"line":12}},"branchMap":{},"s":{"0":0},"f":{"0":0},"b":{}}
,"C:\\Users\\studn\\Desktop\\Github-Finder\\github-finder-client\\src\\index.js": {"path":"C:\\Users\\studn\\Desktop\\Github-Finder\\github-finder-client\\src\\index.js","statementMap":{"0":{"start":{"line":7,"column":13},"end":{"line":7,"column":65}},"1":{"start":{"line":8,"column":0},"end":{"line":12,"column":2}}},"fnMap":{},"branchMap":{},"s":{"0":0,"1":0},"f":{},"b":{}}
,"C:\\Users\\studn\\Desktop\\Github-Finder\\github-finder-client\\src\\components\\layout\\Footer.jsx": {"path":"C:\\Users\\studn\\Desktop\\Github-Finder\\github-finder-client\\src\\components\\layout\\Footer.jsx","statementMap":{"0":{"start":{"line":2,"column":21},"end":{"line":2,"column":45}},"1":{"start":{"line":4,"column":2},"end":{"line":10,"column":4}}},"fnMap":{"0":{"name":"Footer","decl":{"start":{"line":1,"column":9},"end":{"line":1,"column":15}},"loc":{"start":{"line":1,"column":18},"end":{"line":11,"column":1}},"line":1}},"branchMap":{},"s":{"0":0,"1":0},"f":{"0":0},"b":{}}
,"C:\\Users\\studn\\Desktop\\Github-Finder\\github-finder-client\\src\\components\\layout\\Navbar.jsx": {"path":"C:\\Users\\studn\\Desktop\\Github-Finder\\github-finder-client\\src\\components\\layout\\Navbar.jsx","statementMap":{"0":{"start":{"line":6,"column":2},"end":{"line":27,"column":4}},"1":{"start":{"line":30,"column":0},"end":{"line":32,"column":2}},"2":{"start":{"line":34,"column":0},"end":{"line":36,"column":2}}},"fnMap":{"0":{"name":"Navbar","decl":{"start":{"line":5,"column":9},"end":{"line":5,"column":15}},"loc":{"start":{"line":5,"column":27},"end":{"line":28,"column":1}},"line":5}},"branchMap":{},"s":{"0":0,"1":0,"2":0},"f":{"0":0},"b":{}}
,"C:\\Users\\studn\\Desktop\\Github-Finder\\github-finder-client\\src\\components\\layout\\Spinner.jsx": {"path":"C:\\Users\\studn\\Desktop\\Github-Finder\\github-finder-client\\src\\components\\layout\\Spinner.jsx","statementMap":{"0":{"start":{"line":3,"column":2},"end":{"line":14,"column":4}}},"fnMap":{"0":{"name":"Spinn","decl":{"start":{"line":2,"column":9},"end":{"line":2,"column":14}},"loc":{"start":{"line":2,"column":17},"end":{"line":15,"column":1}},"line":2}},"branchMap":{},"s":{"0":0},"f":{"0":0},"b":{}}
,"C:\\Users\\studn\\Desktop\\Github-Finder\\github-finder-client\\src\\components\\layout\\assets\\Alert.jsx": {"path":"C:\\Users\\studn\\Desktop\\Github-Finder\\github-finder-client\\src\\components\\layout\\assets\\Alert.jsx","statementMap":{"0":{"start":{"line":5,"column":20},"end":{"line":5,"column":44}},"1":{"start":{"line":7,"column":2},"end":{"line":29,"column":4}}},"fnMap":{"0":{"name":"Alert","decl":{"start":{"line":4,"column":9},"end":{"line":4,"column":14}},"loc":{"start":{"line":4,"column":17},"end":{"line":30,"column":1}},"line":4}},"branchMap":{"0":{"loc":{"start":{"line":8,"column":4},"end":{"line":28,"column":5}},"type":"binary-expr","locations":[{"start":{"line":8,"column":4},"end":{"line":8,"column":18}},{"start":{"line":9,"column":6},"end":{"line":27,"column":10}}],"line":8},"1":{"loc":{"start":{"line":10,"column":9},"end":{"line":23,"column":9}},"type":"binary-expr","locations":[{"start":{"line":10,"column":9},"end":{"line":10,"column":31}},{"start":{"line":11,"column":10},"end":{"line":22,"column":16}}],"line":10}},"s":{"0":0,"1":0},"f":{"0":0},"b":{"0":[0,0],"1":[0,0]}}
,"C:\\Users\\studn\\Desktop\\Github-Finder\\github-finder-client\\src\\components\\layout\\repos\\RepoItem.jsx": {"path":"C:\\Users\\studn\\Desktop\\Github-Finder\\github-finder-client\\src\\components\\layout\\repos\\RepoItem.jsx","statementMap":{"0":{"start":{"line":11,"column":6},"end":{"line":11,"column":10}},"1":{"start":{"line":13,"column":2},"end":{"line":38,"column":4}}},"fnMap":{"0":{"name":"RepoItem","decl":{"start":{"line":2,"column":9},"end":{"line":2,"column":17}},"loc":{"start":{"line":2,"column":28},"end":{"line":39,"column":1}},"line":2}},"branchMap":{},"s":{"0":0,"1":0},"f":{"0":0},"b":{}}
,"C:\\Users\\studn\\Desktop\\Github-Finder\\github-finder-client\\src\\components\\layout\\repos\\RepoList.jsx": {"path":"C:\\Users\\studn\\Desktop\\Github-Finder\\github-finder-client\\src\\components\\layout\\repos\\RepoList.jsx","statementMap":{"0":{"start":{"line":3,"column":2},"end":{"line":16,"column":4}},"1":{"start":{"line":10,"column":10},"end":{"line":12,"column":15}}},"fnMap":{"0":{"name":"RepoList","decl":{"start":{"line":2,"column":9},"end":{"line":2,"column":17}},"loc":{"start":{"line":2,"column":29},"end":{"line":17,"column":1}},"line":2},"1":{"name":"(anonymous_1)","decl":{"start":{"line":9,"column":19},"end":{"line":9,"column":20}},"loc":{"start":{"line":10,"column":10},"end":{"line":12,"column":15}},"line":10}},"branchMap":{},"s":{"0":0,"1":0},"f":{"0":0,"1":0},"b":{}}
,"C:\\Users\\studn\\Desktop\\Github-Finder\\github-finder-client\\src\\components\\users\\UserItem.jsx": {"path":"C:\\Users\\studn\\Desktop\\Github-Finder\\github-finder-client\\src\\components\\users\\UserItem.jsx","statementMap":{"0":{"start":{"line":3,"column":2},"end":{"line":24,"column":4}}},"fnMap":{"0":{"name":"UserItem","decl":{"start":{"line":2,"column":9},"end":{"line":2,"column":17}},"loc":{"start":{"line":2,"column":51},"end":{"line":25,"column":1}},"line":2}},"branchMap":{},"s":{"0":0},"f":{"0":0},"b":{}}
,"C:\\Users\\studn\\Desktop\\Github-Finder\\github-finder-client\\src\\components\\users\\UserResults.jsx": {"path":"C:\\Users\\studn\\Desktop\\Github-Finder\\github-finder-client\\src\\components\\users\\UserResults.jsx","statementMap":{"0":{"start":{"line":7,"column":29},"end":{"line":7,"column":54}},"1":{"start":{"line":9,"column":2},"end":{"line":19,"column":3}},"2":{"start":{"line":10,"column":4},"end":{"line":16,"column":6}},"3":{"start":{"line":13,"column":10},"end":{"line":13,"column":48}},"4":{"start":{"line":18,"column":4},"end":{"line":18,"column":19}}},"fnMap":{"0":{"name":"UserResults","decl":{"start":{"line":6,"column":9},"end":{"line":6,"column":20}},"loc":{"start":{"line":6,"column":23},"end":{"line":20,"column":1}},"line":6},"1":{"name":"(anonymous_1)","decl":{"start":{"line":12,"column":19},"end":{"line":12,"column":20}},"loc":{"start":{"line":13,"column":10},"end":{"line":13,"column":48}},"line":13}},"branchMap":{"0":{"loc":{"start":{"line":9,"column":2},"end":{"line":19,"column":3}},"type":"if","locations":[{"start":{"line":9,"column":2},"end":{"line":19,"column":3}},{"start":{"line":17,"column":9},"end":{"line":19,"column":3}}],"line":9}},"s":{"0":0,"1":0,"2":0,"3":0,"4":0},"f":{"0":0,"1":0},"b":{"0":[0,0]}}
,"C:\\Users\\studn\\Desktop\\Github-Finder\\github-finder-client\\src\\components\\users\\UserSearch.jsx": {"path":"C:\\Users\\studn\\Desktop\\Github-Finder\\github-finder-client\\src\\components\\users\\UserSearch.jsx","statementMap":{"0":{"start":{"line":6,"column":26},"end":{"line":6,"column":38}},"1":{"start":{"line":8,"column":45},"end":{"line":8,"column":70}},"2":{"start":{"line":10,"column":23},"end":{"line":10,"column":47}},"3":{"start":{"line":12,"column":23},"end":{"line":12,"column":53}},"4":{"start":{"line":12,"column":30},"end":{"line":12,"column":53}},"5":{"start":{"line":14,"column":23},"end":{"line":22,"column":3}},"6":{"start":{"line":15,"column":4},"end":{"line":15,"column":23}},"7":{"start":{"line":16,"column":4},"end":{"line":21,"column":5}},"8":{"start":{"line":17,"column":6},"end":{"line":17,"column":51}},"9":{"start":{"line":19,"column":6},"end":{"line":19,"column":24}},"10":{"start":{"line":20,"column":6},"end":{"line":20,"column":18}},"11":{"start":{"line":24,"column":2},"end":{"line":55,"column":4}}},"fnMap":{"0":{"name":"UserSearch","decl":{"start":{"line":5,"column":9},"end":{"line":5,"column":19}},"loc":{"start":{"line":5,"column":22},"end":{"line":56,"column":1}},"line":5},"1":{"name":"(anonymous_1)","decl":{"start":{"line":12,"column":23},"end":{"line":12,"column":24}},"loc":{"start":{"line":12,"column":30},"end":{"line":12,"column":53}},"line":12},"2":{"name":"(anonymous_2)","decl":{"start":{"line":14,"column":23},"end":{"line":14,"column":24}},"loc":{"start":{"line":14,"column":30},"end":{"line":22,"column":3}},"line":14}},"branchMap":{"0":{"loc":{"start":{"line":16,"column":4},"end":{"line":21,"column":5}},"type":"if","locations":[{"start":{"line":16,"column":4},"end":{"line":21,"column":5}},{"start":{"line":18,"column":11},"end":{"line":21,"column":5}}],"line":16},"1":{"loc":{"start":{"line":47,"column":7},"end":{"line":53,"column":7}},"type":"binary-expr","locations":[{"start":{"line":47,"column":7},"end":{"line":47,"column":23}},{"start":{"line":48,"column":8},"end":{"line":52,"column":14}}],"line":47}},"s":{"0":0,"1":0,"2":0,"3":0,"4":0,"5":0,"6":0,"7":0,"8":0,"9":0,"10":0,"11":0},"f":{"0":0,"1":0,"2":0},"b":{"0":[0,0],"1":[0,0]}}
,"C:\\Users\\studn\\Desktop\\Github-Finder\\github-finder-client\\src\\context\\alert\\AlertContext.js": {"path":"C:\\Users\\studn\\Desktop\\Github-Finder\\github-finder-client\\src\\context\\alert\\AlertContext.js","statementMap":{"0":{"start":{"line":4,"column":21},"end":{"line":4,"column":36}},"1":{"start":{"line":5,"column":29},"end":{"line":23,"column":1}},"2":{"start":{"line":6,"column":23},"end":{"line":6,"column":27}},"3":{"start":{"line":7,"column":28},"end":{"line":7,"column":66}},"4":{"start":{"line":9,"column":19},"end":{"line":16,"column":3}},"5":{"start":{"line":10,"column":4},"end":{"line":13,"column":7}},"6":{"start":{"line":15,"column":4},"end":{"line":15,"column":63}},"7":{"start":{"line":15,"column":21},"end":{"line":15,"column":55}},"8":{"start":{"line":18,"column":2},"end":{"line":22,"column":4}}},"fnMap":{"0":{"name":"(anonymous_0)","decl":{"start":{"line":5,"column":29},"end":{"line":5,"column":30}},"loc":{"start":{"line":5,"column":47},"end":{"line":23,"column":1}},"line":5},"1":{"name":"(anonymous_1)","decl":{"start":{"line":9,"column":19},"end":{"line":9,"column":20}},"loc":{"start":{"line":9,"column":34},"end":{"line":16,"column":3}},"line":9},"2":{"name":"(anonymous_2)","decl":{"start":{"line":15,"column":15},"end":{"line":15,"column":16}},"loc":{"start":{"line":15,"column":21},"end":{"line":15,"column":55}},"line":15}},"branchMap":{},"s":{"0":0,"1":0,"2":0,"3":0,"4":0,"5":0,"6":0,"7":0,"8":0},"f":{"0":0,"1":0,"2":0},"b":{}}
,"C:\\Users\\studn\\Desktop\\Github-Finder\\github-finder-client\\src\\context\\alert\\AlertReducer.js": {"path":"C:\\Users\\studn\\Desktop\\Github-Finder\\github-finder-client\\src\\context\\alert\\AlertReducer.js","statementMap":{"0":{"start":{"line":1,"column":21},"end":{"line":10,"column":1}},"1":{"start":{"line":2,"column":2},"end":{"line":9,"column":3}},"2":{"start":{"line":4,"column":6},"end":{"line":4,"column":28}},"3":{"start":{"line":6,"column":6},"end":{"line":6,"column":18}},"4":{"start":{"line":8,"column":6},"end":{"line":8,"column":19}}},"fnMap":{"0":{"name":"(anonymous_0)","decl":{"start":{"line":1,"column":21},"end":{"line":1,"column":22}},"loc":{"start":{"line":1,"column":40},"end":{"line":10,"column":1}},"line":1}},"branchMap":{"0":{"loc":{"start":{"line":2,"column":2},"end":{"line":9,"column":3}},"type":"switch","locations":[{"start":{"line":3,"column":4},"end":{"line":4,"column":28}},{"start":{"line":5,"column":4},"end":{"line":6,"column":18}},{"start":{"line":7,"column":4},"end":{"line":8,"column":19}}],"line":2}},"s":{"0":1,"1":4,"2":2,"3":1,"4":1},"f":{"0":4},"b":{"0":[2,1,1]},"_coverageSchema":"1a1c01bbd47fc00a2c39e90264f33305004495a9","hash":"6fee02f68a69df1cb8c2f2382f79d60154ba53ef"}
,"C:\\Users\\studn\\Desktop\\Github-Finder\\github-finder-client\\src\\context\\github\\GithubContext.js": {"path":"C:\\Users\\studn\\Desktop\\Github-Finder\\github-finder-client\\src\\context\\github\\GithubContext.js","statementMap":{"0":{"start":{"line":4,"column":22},"end":{"line":4,"column":37}},"1":{"start":{"line":6,"column":19},"end":{"line":6,"column":43}},"2":{"start":{"line":8,"column":30},"end":{"line":92,"column":1}},"3":{"start":{"line":9,"column":23},"end":{"line":14,"column":3}},"4":{"start":{"line":16,"column":28},"end":{"line":16,"column":67}},"5":{"start":{"line":18,"column":21},"end":{"line":18,"column":60}},"6":{"start":{"line":18,"column":27},"end":{"line":18,"column":60}},"7":{"start":{"line":21,"column":20},"end":{"line":35,"column":3}},"8":{"start":{"line":22,"column":4},"end":{"line":22,"column":17}},"9":{"start":{"line":24,"column":21},"end":{"line":24,"column":64}},"10":{"start":{"line":26,"column":4},"end":{"line":34,"column":5}},"11":{"start":{"line":27,"column":6},"end":{"line":27,"column":36}},"12":{"start":{"line":29,"column":22},"end":{"line":29,"column":43}},"13":{"start":{"line":30,"column":6},"end":{"line":33,"column":9}},"14":{"start":{"line":38,"column":22},"end":{"line":51,"column":3}},"15":{"start":{"line":39,"column":4},"end":{"line":39,"column":17}},"16":{"start":{"line":40,"column":19},"end":{"line":42,"column":6}},"17":{"start":{"line":44,"column":21},"end":{"line":44,"column":72}},"18":{"start":{"line":45,"column":22},"end":{"line":45,"column":43}},"19":{"start":{"line":47,"column":4},"end":{"line":50,"column":7}},"20":{"start":{"line":55,"column":23},"end":{"line":72,"column":3}},"21":{"start":{"line":56,"column":4},"end":{"line":56,"column":17}},"22":{"start":{"line":58,"column":19},"end":{"line":61,"column":6}},"23":{"start":{"line":63,"column":21},"end":{"line":65,"column":5}},"24":{"start":{"line":66,"column":17},"end":{"line":66,"column":38}},"25":{"start":{"line":68,"column":4},"end":{"line":71,"column":7}},"26":{"start":{"line":74,"column":21},"end":{"line":74,"column":60}},"27":{"start":{"line":74,"column":27},"end":{"line":74,"column":60}},"28":{"start":{"line":76,"column":2},"end":{"line":91,"column":4}}},"fnMap":{"0":{"name":"(anonymous_0)","decl":{"start":{"line":8,"column":30},"end":{"line":8,"column":31}},"loc":{"start":{"line":8,"column":48},"end":{"line":92,"column":1}},"line":8},"1":{"name":"(anonymous_1)","decl":{"start":{"line":18,"column":21},"end":{"line":18,"column":22}},"loc":{"start":{"line":18,"column":27},"end":{"line":18,"column":60}},"line":18},"2":{"name":"(anonymous_2)","decl":{"start":{"line":21,"column":20},"end":{"line":21,"column":21}},"loc":{"start":{"line":21,"column":37},"end":{"line":35,"column":3}},"line":21},"3":{"name":"(anonymous_3)","decl":{"start":{"line":38,"column":22},"end":{"line":38,"column":23}},"loc":{"start":{"line":38,"column":38},"end":{"line":51,"column":3}},"line":38},"4":{"name":"(anonymous_4)","decl":{"start":{"line":55,"column":23},"end":{"line":55,"column":24}},"loc":{"start":{"line":55,"column":40},"end":{"line":72,"column":3}},"line":55},"5":{"name":"(anonymous_5)","decl":{"start":{"line":74,"column":21},"end":{"line":74,"column":22}},"loc":{"start":{"line":74,"column":27},"end":{"line":74,"column":60}},"line":74}},"branchMap":{"0":{"loc":{"start":{"line":26,"column":4},"end":{"line":34,"column":5}},"type":"if","locations":[{"start":{"line":26,"column":4},"end":{"line":34,"column":5}},{"start":{"line":28,"column":11},"end":{"line":34,"column":5}}],"line":26}},"s":{"0":0,"1":0,"2":0,"3":0,"4":0,"5":0,"6":0,"7":0,"8":0,"9":0,"10":0,"11":0,"12":0,"13":0,"14":0,"15":0,"16":0,"17":0,"18":0,"19":0,"20":0,"21":0,"22":0,"23":0,"24":0,"25":0,"26":0,"27":0,"28":0},"f":{"0":0,"1":0,"2":0,"3":0,"4":0,"5":0},"b":{"0":[0,0]}}
,"C:\\Users\\studn\\Desktop\\Github-Finder\\github-finder-client\\src\\context\\github\\GithubReducer.js": {"path":"C:\\Users\\studn\\Desktop\\Github-Finder\\github-finder-client\\src\\context\\github\\GithubReducer.js","statementMap":{"0":{"start":{"line":1,"column":22},"end":{"line":34,"column":1}},"1":{"start":{"line":2,"column":2},"end":{"line":33,"column":3}},"2":{"start":{"line":4,"column":6},"end":{"line":8,"column":8}},"3":{"start":{"line":10,"column":6},"end":{"line":13,"column":8}},"4":{"start":{"line":15,"column":6},"end":{"line":18,"column":8}},"5":{"start":{"line":20,"column":6},"end":{"line":24,"column":8}},"6":{"start":{"line":26,"column":6},"end":{"line":30,"column":8}},"7":{"start":{"line":32,"column":6},"end":{"line":32,"column":19}}},"fnMap":{"0":{"name":"(anonymous_0)","decl":{"start":{"line":1,"column":22},"end":{"line":1,"column":23}},"loc":{"start":{"line":1,"column":41},"end":{"line":34,"column":1}},"line":1}},"branchMap":{"0":{"loc":{"start":{"line":2,"column":2},"end":{"line":33,"column":3}},"type":"switch","locations":[{"start":{"line":3,"column":4},"end":{"line":8,"column":8}},{"start":{"line":9,"column":4},"end":{"line":13,"column":8}},{"start":{"line":14,"column":4},"end":{"line":18,"column":8}},{"start":{"line":19,"column":4},"end":{"line":24,"column":8}},{"start":{"line":25,"column":4},"end":{"line":30,"column":8}},{"start":{"line":31,"column":4},"end":{"line":32,"column":19}}],"line":2}},"s":{"0":1,"1":6,"2":1,"3":1,"4":1,"5":1,"6":1,"7":1},"f":{"0":6},"b":{"0":[1,1,1,1,1,1]},"_coverageSchema":"1a1c01bbd47fc00a2c39e90264f33305004495a9","hash":"9ef2b5398c15c78757d15a8d3364fcb9f0fd12f1"}
,"C:\\Users\\studn\\Desktop\\Github-Finder\\github-finder-client\\src\\pages\\About.jsx": {"path":"C:\\Users\\studn\\Desktop\\Github-Finder\\github-finder-client\\src\\pages\\About.jsx","statementMap":{"0":{"start":{"line":2,"column":2},"end":{"line":6,"column":4}}},"fnMap":{"0":{"name":"About","decl":{"start":{"line":1,"column":9},"end":{"line":1,"column":14}},"loc":{"start":{"line":1,"column":17},"end":{"line":7,"column":1}},"line":1}},"branchMap":{},"s":{"0":1},"f":{"0":1},"b":{},"_coverageSchema":"1a1c01bbd47fc00a2c39e90264f33305004495a9","hash":"e7d610f870c70efe20a0213d550dd77a789c2e64"}
,"C:\\Users\\studn\\Desktop\\Github-Finder\\github-finder-client\\src\\pages\\Home.jsx": {"path":"C:\\Users\\studn\\Desktop\\Github-Finder\\github-finder-client\\src\\pages\\Home.jsx","statementMap":{"0":{"start":{"line":5,"column":2},"end":{"line":10,"column":4}}},"fnMap":{"0":{"name":"Home","decl":{"start":{"line":4,"column":9},"end":{"line":4,"column":13}},"loc":{"start":{"line":4,"column":16},"end":{"line":11,"column":1}},"line":4}},"branchMap":{},"s":{"0":0},"f":{"0":0},"b":{}}
,"C:\\Users\\studn\\Desktop\\Github-Finder\\github-finder-client\\src\\pages\\NotFound.jsx": {"path":"C:\\Users\\studn\\Desktop\\Github-Finder\\github-finder-client\\src\\pages\\NotFound.jsx","statementMap":{"0":{"start":{"line":5,"column":2},"end":{"line":18,"column":4}}},"fnMap":{"0":{"name":"NotFound","decl":{"start":{"line":4,"column":9},"end":{"line":4,"column":17}},"loc":{"start":{"line":4,"column":20},"end":{"line":19,"column":1}},"line":4}},"branchMap":{},"s":{"0":0},"f":{"0":0},"b":{}}
,"C:\\Users\\studn\\Desktop\\Github-Finder\\github-finder-client\\src\\pages\\User.jsx": {"path":"C:\\Users\\studn\\Desktop\\Github-Finder\\github-finder-client\\src\\pages\\User.jsx","statementMap":{"0":{"start":{"line":9,"column":4},"end":{"line":9,"column":29}},"1":{"start":{"line":10,"column":18},"end":{"line":10,"column":29}},"2":{"start":{"line":11,"column":2},"end":{"line":14,"column":39}},"3":{"start":{"line":12,"column":4},"end":{"line":12,"column":21}},"4":{"start":{"line":13,"column":4},"end":{"line":13,"column":24}},"5":{"start":{"line":30,"column":6},"end":{"line":30,"column":10}},"6":{"start":{"line":34,"column":2},"end":{"line":36,"column":3}},"7":{"start":{"line":35,"column":4},"end":{"line":35,"column":23}},"8":{"start":{"line":38,"column":2},"end":{"line":160,"column":4}}},"fnMap":{"0":{"name":"User","decl":{"start":{"line":7,"column":9},"end":{"line":7,"column":13}},"loc":{"start":{"line":7,"column":16},"end":{"line":161,"column":1}},"line":7},"1":{"name":"(anonymous_1)","decl":{"start":{"line":11,"column":12},"end":{"line":11,"column":13}},"loc":{"start":{"line":11,"column":18},"end":{"line":14,"column":3}},"line":11}},"branchMap":{"0":{"loc":{"start":{"line":34,"column":2},"end":{"line":36,"column":3}},"type":"if","locations":[{"start":{"line":34,"column":2},"end":{"line":36,"column":3}},{"start":{},"end":{}}],"line":34},"1":{"loc":{"start":{"line":67,"column":15},"end":{"line":69,"column":15}},"type":"binary-expr","locations":[{"start":{"line":67,"column":15},"end":{"line":67,"column":23}},{"start":{"line":68,"column":16},"end":{"line":68,"column":69}}],"line":67},"2":{"loc":{"start":{"line":84,"column":13},"end":{"line":90,"column":13}},"type":"binary-expr","locations":[{"start":{"line":84,"column":13},"end":{"line":84,"column":21}},{"start":{"line":85,"column":14},"end":{"line":89,"column":20}}],"line":84},"3":{"loc":{"start":{"line":91,"column":13},"end":{"line":101,"column":13}},"type":"binary-expr","locations":[{"start":{"line":91,"column":13},"end":{"line":91,"column":17}},{"start":{"line":92,"column":14},"end":{"line":100,"column":20}}],"line":91},"4":{"loc":{"start":{"line":102,"column":13},"end":{"line":116,"column":13}},"type":"binary-expr","locations":[{"start":{"line":102,"column":13},"end":{"line":102,"column":29}},{"start":{"line":103,"column":14},"end":{"line":115,"column":20}}],"line":102}},"s":{"0":0,"1":0,"2":0,"3":0,"4":0,"5":0,"6":0,"7":0,"8":0},"f":{"0":0,"1":0},"b":{"0":[0,0],"1":[0,0],"2":[0,0],"3":[0,0],"4":[0,0]}}
}
