TN:
SF:src\App.js
FN:12,App
FNF:1
FNH:0
FNDA:0,App
DA:13,0
LF:1
LH:0
BRF:0
BRH:0
end_of_record
TN:
SF:src\index.js
FNF:0
FNH:0
DA:7,0
DA:8,0
LF:2
LH:0
BRF:0
BRH:0
end_of_record
TN:
SF:src\components\layout\Footer.jsx
FN:1,Footer
FNF:1
FNH:0
FNDA:0,Footer
DA:2,0
DA:4,0
LF:2
LH:0
BRF:0
BRH:0
end_of_record
TN:
SF:src\components\layout\Navbar.jsx
FN:5,Navbar
FNF:1
FNH:0
FNDA:0,Navbar
DA:6,0
DA:30,0
DA:34,0
LF:3
LH:0
BRF:0
BRH:0
end_of_record
TN:
SF:src\components\layout\Spinner.jsx
FN:2,Spinn
FNF:1
FNH:0
FNDA:0,Spinn
DA:3,0
LF:1
LH:0
BRF:0
BRH:0
end_of_record
TN:
SF:src\components\layout\assets\Alert.jsx
FN:4,Alert
FNF:1
FNH:0
FNDA:0,Alert
DA:5,0
DA:7,0
LF:2
LH:0
BRDA:8,0,0,0
BRDA:8,0,1,0
BRDA:10,1,0,0
BRDA:10,1,1,0
BRF:4
BRH:0
end_of_record
TN:
SF:src\components\layout\repos\RepoItem.jsx
FN:2,RepoItem
FNF:1
FNH:0
FNDA:0,RepoItem
DA:11,0
DA:13,0
LF:2
LH:0
BRF:0
BRH:0
end_of_record
TN:
SF:src\components\layout\repos\RepoList.jsx
FN:2,RepoList
FN:9,(anonymous_1)
FNF:2
FNH:0
FNDA:0,RepoList
FNDA:0,(anonymous_1)
DA:3,0
DA:10,0
LF:2
LH:0
BRF:0
BRH:0
end_of_record
TN:
SF:src\components\users\UserItem.jsx
FN:2,UserItem
FNF:1
FNH:0
FNDA:0,UserItem
DA:3,0
LF:1
LH:0
BRF:0
BRH:0
end_of_record
TN:
SF:src\components\users\UserResults.jsx
FN:6,UserResults
FN:12,(anonymous_1)
FNF:2
FNH:0
FNDA:0,UserResults
FNDA:0,(anonymous_1)
DA:7,0
DA:9,0
DA:10,0
DA:13,0
DA:18,0
LF:5
LH:0
BRDA:9,0,0,0
BRDA:9,0,1,0
BRF:2
BRH:0
end_of_record
TN:
SF:src\components\users\UserSearch.jsx
FN:5,UserSearch
FN:12,(anonymous_1)
FN:14,(anonymous_2)
FNF:3
FNH:0
FNDA:0,UserSearch
FNDA:0,(anonymous_1)
FNDA:0,(anonymous_2)
DA:6,0
DA:8,0
DA:10,0
DA:12,0
DA:14,0
DA:15,0
DA:16,0
DA:17,0
DA:19,0
DA:20,0
DA:24,0
LF:11
LH:0
BRDA:16,0,0,0
BRDA:16,0,1,0
BRDA:47,1,0,0
BRDA:47,1,1,0
BRF:4
BRH:0
end_of_record
TN:
SF:src\context\alert\AlertContext.js
FN:5,(anonymous_0)
FN:9,(anonymous_1)
FN:15,(anonymous_2)
FNF:3
FNH:0
FNDA:0,(anonymous_0)
FNDA:0,(anonymous_1)
FNDA:0,(anonymous_2)
DA:4,0
DA:5,0
DA:6,0
DA:7,0
DA:9,0
DA:10,0
DA:15,0
DA:18,0
LF:8
LH:0
BRF:0
BRH:0
end_of_record
TN:
SF:src\context\alert\AlertReducer.js
FN:1,(anonymous_0)
FNF:1
FNH:1
FNDA:4,(anonymous_0)
DA:1,1
DA:2,4
DA:4,2
DA:6,1
DA:8,1
LF:5
LH:5
BRDA:2,0,0,2
BRDA:2,0,1,1
BRDA:2,0,2,1
BRF:3
BRH:3
end_of_record
TN:
SF:src\context\github\GithubContext.js
FN:8,(anonymous_0)
FN:18,(anonymous_1)
FN:21,(anonymous_2)
FN:38,(anonymous_3)
FN:55,(anonymous_4)
FN:74,(anonymous_5)
FNF:6
FNH:0
FNDA:0,(anonymous_0)
FNDA:0,(anonymous_1)
FNDA:0,(anonymous_2)
FNDA:0,(anonymous_3)
FNDA:0,(anonymous_4)
FNDA:0,(anonymous_5)
DA:4,0
DA:6,0
DA:8,0
DA:9,0
DA:16,0
DA:18,0
DA:21,0
DA:22,0
DA:24,0
DA:26,0
DA:27,0
DA:29,0
DA:30,0
DA:38,0
DA:39,0
DA:40,0
DA:44,0
DA:45,0
DA:47,0
DA:55,0
DA:56,0
DA:58,0
DA:63,0
DA:66,0
DA:68,0
DA:74,0
DA:76,0
LF:27
LH:0
BRDA:26,0,0,0
BRDA:26,0,1,0
BRF:2
BRH:0
end_of_record
TN:
SF:src\context\github\GithubReducer.js
FN:1,(anonymous_0)
FNF:1
FNH:1
FNDA:6,(anonymous_0)
DA:1,1
DA:2,6
DA:4,1
DA:10,1
DA:15,1
DA:20,1
DA:26,1
DA:32,1
LF:8
LH:8
BRDA:2,0,0,1
BRDA:2,0,1,1
BRDA:2,0,2,1
BRDA:2,0,3,1
BRDA:2,0,4,1
BRDA:2,0,5,1
BRF:6
BRH:6
end_of_record
TN:
SF:src\pages\About.jsx
FN:1,About
FNF:1
FNH:1
FNDA:1,About
DA:2,1
LF:1
LH:1
BRF:0
BRH:0
end_of_record
TN:
SF:src\pages\Home.jsx
FN:4,Home
FNF:1
FNH:0
FNDA:0,Home
DA:5,0
LF:1
LH:0
BRF:0
BRH:0
end_of_record
TN:
SF:src\pages\NotFound.jsx
FN:4,NotFound
FNF:1
FNH:0
FNDA:0,NotFound
DA:5,0
LF:1
LH:0
BRF:0
BRH:0
end_of_record
TN:
SF:src\pages\User.jsx
FN:7,User
FN:11,(anonymous_1)
FNF:2
FNH:0
FNDA:0,User
FNDA:0,(anonymous_1)
DA:9,0
DA:10,0
DA:11,0
DA:12,0
DA:13,0
DA:30,0
DA:34,0
DA:35,0
DA:38,0
LF:9
LH:0
BRDA:34,0,0,0
BRDA:34,0,1,0
BRDA:67,1,0,0
BRDA:67,1,1,0
BRDA:84,2,0,0
BRDA:84,2,1,0
BRDA:91,3,0,0
BRDA:91,3,1,0
BRDA:102,4,0,0
BRDA:102,4,1,0
BRF:10
BRH:0
end_of_record
